<?xml version="1.0" encoding="UTF-8"?>
<robot generator="Robot 4.1.1 (Python 3.9.7 on darwin)" generated="20220705 14:47:20.780" rpa="false" schemaversion="2">
<suite id="s1" name="Cases" source="/usr/local/var/www/learn-robot/cases">
<suite id="s1-s1" name="01" source="/usr/local/var/www/learn-robot/cases/01">
<suite id="s1-s1-s1" name="Open Browser" source="/usr/local/var/www/learn-robot/cases/01/open_browser.robot">
<test id="s1-s1-s1-t1" name="Go to Jin Long House should be success with title">
<kw name="Open Browser" library="SeleniumLibrary">
<arg>https://petstore.octoperf.com/actions/Catalog.action</arg>
<arg>chrome</arg>
<doc>Opens a new browser instance to the optional ``url``.</doc>
<msg timestamp="20220705 14:47:20.949" level="INFO">Opening browser 'chrome' to base url 'https://petstore.octoperf.com/actions/Catalog.action'.</msg>
<status status="PASS" starttime="20220705 14:47:20.949" endtime="20220705 14:47:24.017"/>
</kw>
<kw name="Display Title text should correct" library="validate_title">
<kw name="Title Should Be" library="SeleniumLibrary">
<arg>JPetStore Demo</arg>
<doc>Verifies that the current page title equals ``title``.</doc>
<msg timestamp="20220705 14:47:24.025" level="INFO">Page title is 'JPetStore Demo'.</msg>
<status status="PASS" starttime="20220705 14:47:24.019" endtime="20220705 14:47:24.025"/>
</kw>
<kw name="Capture Page Screenshot" library="SeleniumLibrary">
<doc>Takes a screenshot of the current page and embeds it into a log file.</doc>
<msg timestamp="20220705 14:47:24.337" level="INFO" html="true">&lt;/td&gt;&lt;/tr&gt;&lt;tr&gt;&lt;td colspan="3"&gt;&lt;a href="selenium-screenshot-1.png"&gt;&lt;img src="selenium-screenshot-1.png" width="800px"&gt;&lt;/a&gt;</msg>
<status status="PASS" starttime="20220705 14:47:24.026" endtime="20220705 14:47:24.338"/>
</kw>
<status status="PASS" starttime="20220705 14:47:24.018" endtime="20220705 14:47:24.338"/>
</kw>
<kw name="Close Browser" library="SeleniumLibrary">
<doc>Closes the current browser.</doc>
<status status="PASS" starttime="20220705 14:47:24.338" endtime="20220705 14:47:24.417"/>
</kw>
<tag>Home page</tag>
<status status="PASS" starttime="20220705 14:47:20.948" endtime="20220705 14:47:24.417"/>
</test>
<meta name="More Info">jinlonghouse robot test</meta>
<meta name="Version">1.0</meta>
<status status="PASS" starttime="20220705 14:47:20.803" endtime="20220705 14:47:24.418"/>
</suite>
<status status="PASS" starttime="20220705 14:47:20.801" endtime="20220705 14:47:24.420"/>
</suite>
<status status="PASS" starttime="20220705 14:47:20.782" endtime="20220705 14:47:24.420"/>
</suite>
<statistics>
<total>
<stat pass="1" fail="0" skip="0">All Tests</stat>
</total>
<tag>
<stat pass="1" fail="0" skip="0">Home page</stat>
</tag>
<suite>
<stat pass="1" fail="0" skip="0" id="s1" name="Cases">Cases</stat>
<stat pass="1" fail="0" skip="0" id="s1-s1" name="01">Cases.01</stat>
<stat pass="1" fail="0" skip="0" id="s1-s1-s1" name="Open Browser">Cases.01.Open Browser</stat>
</suite>
</statistics>
<errors>
</errors>
</robot>
