<?xml version="1.0" encoding="UTF-8"?>
<robot generator="Robot 4.0b2 (Python 3.8.2 on darwin)" generated="20210212 16:45:41.094" rpa="false">
<suite id="s1" name="Open Browser" source="/Users/andreaharris/Documents/tester/learn-robot/01/open_browser.robot">
<test id="s1-t1" name="Login with click submit only should be fail">
<kw name="Open Browser" library="SeleniumLibrary">
<doc>Opens a new browser instance to the optional ``url``.</doc>
<arguments>
<arg>https://www.jinlonghouse.com</arg>
<arg>chrome</arg>
</arguments>
<msg timestamp="20210212 16:45:41.515" level="INFO">Opening browser 'chrome' to base url 'https://www.jinlonghouse.com'.</msg>
<status status="PASS" starttime="20210212 16:45:41.514" endtime="20210212 16:45:47.927"></status>
</kw>
<kw name="Display Title text should correct" library="validate_title">
<kw name="Title Should Be" library="SeleniumLibrary">
<doc>Verifies that the current page title equals ``title``.</doc>
<arguments>
<arg>Jinlong : หน้าแรก</arg>
</arguments>
<msg timestamp="20210212 16:45:47.974" level="INFO">Page title is 'Jinlong : หน้าแรก'.</msg>
<status status="PASS" starttime="20210212 16:45:47.934" endtime="20210212 16:45:47.975"></status>
</kw>
<kw name="Capture Page Screenshot" library="SeleniumLibrary">
<doc>Takes a screenshot of the current page and embeds it into a log file.</doc>
<msg timestamp="20210212 16:45:48.524" level="INFO" html="yes">&lt;/td&gt;&lt;/tr&gt;&lt;tr&gt;&lt;td colspan="3"&gt;&lt;a href="selenium-screenshot-1.png"&gt;&lt;img src="selenium-screenshot-1.png" width="800px"&gt;&lt;/a&gt;</msg>
<status status="PASS" starttime="20210212 16:45:47.975" endtime="20210212 16:45:48.524"></status>
</kw>
<status status="PASS" starttime="20210212 16:45:47.932" endtime="20210212 16:45:48.525"></status>
</kw>
<kw name="Close Browser" library="SeleniumLibrary">
<doc>Closes the current browser.</doc>
<status status="PASS" starttime="20210212 16:45:48.526" endtime="20210212 16:45:48.732"></status>
</kw>
<tags>
<tag>Home page</tag>
</tags>
<status status="PASS" starttime="20210212 16:45:41.513" endtime="20210212 16:45:48.732"></status>
</test>
<metadata>
<item name="More Info">jinlonghouse robot test</item>
<item name="Version">1.0</item>
</metadata>
<status status="PASS" starttime="20210212 16:45:41.096" endtime="20210212 16:45:48.734"></status>
</suite>
<statistics>
<total>
<stat pass="1" fail="0" skip="0">All Tests</stat>
</total>
<tag>
<stat pass="1" fail="0" skip="0">Home page</stat>
</tag>
<suite>
<stat pass="1" fail="0" skip="0" id="s1" name="Open Browser">Open Browser</stat>
</suite>
</statistics>
<errors>
</errors>
</robot>
